0 info it worked if it ends with ok
1 verbose cli [
1 verbose cli   '/usr/local/bin/node',
1 verbose cli   '/usr/local/bin/npm',
1 verbose cli   'run',
1 verbose cli   'test',
1 verbose cli   '--no-cache'
1 verbose cli ]
2 info using npm@6.14.13
3 info using node@v14.17.1
4 verbose run-script [ 'pretest', 'test', 'posttest' ]
5 info lifecycle pasientjournal.no@0.0.0~pretest: pasientjournal.no@0.0.0
6 info lifecycle pasientjournal.no@0.0.0~test: pasientjournal.no@0.0.0
7 verbose lifecycle pasientjournal.no@0.0.0~test: unsafe-perm in lifecycle true
8 verbose lifecycle pasientjournal.no@0.0.0~test: PATH: /usr/local/lib/node_modules/npm/node_modules/npm-lifecycle/node-gyp-bin:/Users/amundlunkerohne/repos/pasientjournal.no/node_modules/.bin:/Users/amundlunkerohne/google-cloud-sdk/bin:/usr/local/bin:/usr/bin:/bin:/usr/sbin:/sbin:/usr/local/munki:/Applications/Privileges.app/Contents/Resources:/Users/amundlunkerohne/google-cloud-sdk/bin:/Applications/Visual Studio Code.app/Contents/Resources/app/bin:/Applications/Visual Studio Code.app/Contents/Resources/app/bin
9 verbose lifecycle pasientjournal.no@0.0.0~test: CWD: /Users/amundlunkerohne/repos/pasientjournal.no
10 silly lifecycle pasientjournal.no@0.0.0~test: Args: [ '-c', 'nx test' ]
11 silly lifecycle pasientjournal.no@0.0.0~test: Returned: code: 1  signal: null
12 info lifecycle pasientjournal.no@0.0.0~test: Failed to exec test script
13 verbose stack Error: pasientjournal.no@0.0.0 test: `nx test`
13 verbose stack Exit status 1
13 verbose stack     at EventEmitter.<anonymous> (/usr/local/lib/node_modules/npm/node_modules/npm-lifecycle/index.js:332:16)
13 verbose stack     at EventEmitter.emit (events.js:375:28)
13 verbose stack     at ChildProcess.<anonymous> (/usr/local/lib/node_modules/npm/node_modules/npm-lifecycle/lib/spawn.js:55:14)
13 verbose stack     at ChildProcess.emit (events.js:375:28)
13 verbose stack     at maybeClose (internal/child_process.js:1055:16)
13 verbose stack     at Process.ChildProcess._handle.onexit (internal/child_process.js:288:5)
14 verbose pkgid pasientjournal.no@0.0.0
15 verbose cwd /Users/amundlunkerohne/repos/pasientjournal.no
16 verbose Darwin 20.5.0
17 verbose argv "/usr/local/bin/node" "/usr/local/bin/npm" "run" "test" "--no-cache"
18 verbose node v14.17.1
19 verbose npm  v6.14.13
20 error code ELIFECYCLE
21 error errno 1
22 error pasientjournal.no@0.0.0 test: `nx test`
22 error Exit status 1
23 error Failed at the pasientjournal.no@0.0.0 test script.
23 error This is probably not a problem with npm. There is likely additional logging output above.
24 verbose exit [ 1, true ]
